<?xml version="1.0" encoding="UTF-8"?>
<testng-results ignored="0" total="4" passed="4" failed="0" skipped="0">
  <reporter-output>
  </reporter-output>
  <suite started-at="2022-03-07T23:00:41 IST" name="Suite" finished-at="2022-03-07T23:02:46 IST" duration-ms="124904">
    <groups>
      <group name="ERP">
        <method signature="Groop1Test.f()[pri:0, instance:annotations.Groop1Test@f5acb9d]" name="f" class="annotations.Groop1Test"/>
        <method signature="Groop1Test.t2()[pri:0, instance:annotations.Groop1Test@f5acb9d]" name="t2" class="annotations.Groop1Test"/>
      </group> <!-- ERP -->
      <group name="ECOM">
        <method signature="Groop1Test.t()[pri:0, instance:annotations.Groop1Test@f5acb9d]" name="t" class="annotations.Groop1Test"/>
        <method signature="Groop1Test.t1()[pri:0, instance:annotations.Groop1Test@f5acb9d]" name="t1" class="annotations.Groop1Test"/>
      </group> <!-- ECOM -->
    </groups>
    <test started-at="2022-03-07T23:00:41 IST" name="gpTest" finished-at="2022-03-07T23:02:46 IST" duration-ms="124904">
      <class name="annotations.Groop1Test">
        <test-method signature="f()[pri:0, instance:annotations.Groop1Test@f5acb9d]" started-at="2022-03-07T23:00:41 IST" name="f" finished-at="2022-03-07T23:01:13 IST" duration-ms="32091" status="PASS">
          <reporter-output>
          </reporter-output>
        </test-method> <!-- f -->
        <test-method signature="t()[pri:0, instance:annotations.Groop1Test@f5acb9d]" started-at="2022-03-07T23:01:13 IST" name="t" finished-at="2022-03-07T23:01:28 IST" duration-ms="15325" status="PASS">
          <reporter-output>
          </reporter-output>
        </test-method> <!-- t -->
        <test-method signature="t1()[pri:0, instance:annotations.Groop1Test@f5acb9d]" started-at="2022-03-07T23:01:28 IST" name="t1" finished-at="2022-03-07T23:02:09 IST" duration-ms="40655" status="PASS">
          <reporter-output>
          </reporter-output>
        </test-method> <!-- t1 -->
        <test-method signature="t2()[pri:0, instance:annotations.Groop1Test@f5acb9d]" started-at="2022-03-07T23:02:09 IST" name="t2" finished-at="2022-03-07T23:02:46 IST" duration-ms="36567" status="PASS">
          <reporter-output>
          </reporter-output>
        </test-method> <!-- t2 -->
      </class> <!-- annotations.Groop1Test -->
    </test> <!-- gpTest -->
  </suite> <!-- Suite -->
</testng-results>
